<?xml version="1.0" encoding="UTF-8"?>
<!-- Generated by org.testng.reporters.JUnitXMLReporter -->
<testsuite ignored="0" hostname="Satyaboy95" failures="1" tests="3" name="Surefire test" time="27.537" errors="0" timestamp="2024-12-05T12:41:21 IST">
  <testcase classname="learning.tests.LoginAppTest" name="LogInToApplication" time="5.623"/>
  <testcase classname="learning.tests.LoginAppTest" name="LogInToApplication" time="5.928"/>
  <testcase classname="learning.tests.LoginAppTest" name="LogInToApplication" time="0.009">
    <failure type="java.util.NoSuchElementException">
      <![CDATA[java.util.NoSuchElementException
at java.base/java.util.LinkedHashMap$LinkedHashIterator.nextNode(LinkedHashMap.java:1025)
at java.base/java.util.LinkedHashMap$LinkedKeyIterator.next(LinkedHashMap.java:1046)
at learning.Component.GenericUtils.SwitchToWindow(GenericUtils.java:26)
at learning.tests.LoginAppTest.LogInToApplication(LoginAppTest.java:27)
at java.base/java.util.ArrayList.forEach(ArrayList.java:1596)
... Removed 30 stack frames]]>
    </failure>
  </testcase> <!-- LogInToApplication -->
</testsuite> <!-- Surefire test -->
