<?xml version="1.0" encoding="UTF-8"?>
<!-- Generated by org.testng.reporters.JUnitXMLReporter -->
<testsuite ignored="0" hostname="Satyaboy95" failures="0" tests="3" name="Default test" time="33.935" errors="0" timestamp="2024-12-05T10:45:32 IST">
  <testcase classname="learning.tests.LoginAppTest" name="LogInToApplication" time="5.411"/>
  <testcase classname="learning.tests.LoginAppTest" name="LogInToApplication" time="5.589"/>
  <testcase classname="learning.tests.LoginAppTest" name="LogInToApplication" time="5.385"/>
</testsuite> <!-- Default test -->
