<?xml version="1.0" encoding="UTF-8"?>
<testsuite xmlns:xsi="http://www.w3.org/2001/XMLSchema-instance" xsi:noNamespaceSchemaLocation="https://maven.apache.org/surefire/maven-surefire-plugin/xsd/surefire-test-report.xsd" name="TestSuite" time="27.919" tests="3" errors="0" skipped="0" failures="1">
  <properties>
[...]
</properties>
  <testcase name="LogInToApplication" classname="learning.tests.LoginAppTest" time="5.629"/>
  <testcase name="LogInToApplication" classname="learning.tests.LoginAppTest" time="5.928"/>
  <testcase name="LogInToApplication" classname="learning.tests.LoginAppTest" time="0.017">
    <failure type="java.util.NoSuchElementException">java.util.NoSuchElementException
	at learning.tests.LoginAppTest.LogInToApplication(LoginAppTest.java:27)
</failure>
    <system-err><![CDATA[Dec 05, 2024 12:41:17 PM org.openqa.selenium.devtools.CdpVersionFinder findNearestMatch
WARNING: Unable to find CDP implementation matching 131
Dec 05, 2024 12:41:17 PM org.openqa.selenium.chromium.ChromiumDriver lambda$new$5
WARNING: Unable to find version of CDP to use for 131.0.6778.86. You may need to include a dependency on a specific version of the CDP using something similar to `org.seleniumhq.selenium:selenium-devtools-v86:4.19.1` where the version ("v86") matches the version of the chromium-based browser you're using and the version number of the artifact is the same as Selenium's.
]]></system-err>
  </testcase>
</testsuite>