<?xml version="1.0" encoding="UTF-8"?>
<testng-results ignored="0" total="1" passed="1" failed="0" skipped="0">
  <reporter-output>
  </reporter-output>
  <suite started-at="2024-12-04T20:00:33 IST" name="Surefire suite" finished-at="2024-12-04T20:00:47 IST" duration-ms="14268">
    <groups>
    </groups>
    <test started-at="2024-12-04T20:00:33 IST" name="Surefire test" finished-at="2024-12-04T20:00:47 IST" duration-ms="14268">
      <class name="learning.tests.LoginAppTest">
        <test-method is-config="true" signature="launchApp()[pri:0, instance:learning.tests.LoginAppTest@2b6856dd]" started-at="2024-12-04T20:00:33 IST" name="launchApp" finished-at="2024-12-04T20:00:37 IST" duration-ms="3890" status="PASS">
          <reporter-output>
          </reporter-output>
        </test-method> <!-- launchApp -->
        <test-method signature="LogInToApplication()[pri:0, instance:learning.tests.LoginAppTest@2b6856dd]" started-at="2024-12-04T20:00:37 IST" name="LogInToApplication" finished-at="2024-12-04T20:00:44 IST" duration-ms="6878" status="PASS">
          <reporter-output>
          </reporter-output>
        </test-method> <!-- LogInToApplication -->
        <test-method is-config="true" signature="closeApp()[pri:0, instance:learning.tests.LoginAppTest@2b6856dd]" started-at="2024-12-04T20:00:44 IST" name="closeApp" finished-at="2024-12-04T20:00:47 IST" duration-ms="3453" status="PASS">
          <reporter-output>
          </reporter-output>
        </test-method> <!-- closeApp -->
      </class> <!-- learning.tests.LoginAppTest -->
    </test> <!-- Surefire test -->
  </suite> <!-- Surefire suite -->
</testng-results>
