<?xml version="1.0" encoding="UTF-8"?>
<testng-results ignored="0" total="1" passed="1" failed="0" skipped="0">
  <reporter-output>
  </reporter-output>
  <suite started-at="2024-12-04T19:53:38 IST" name="Default suite" finished-at="2024-12-04T19:54:00 IST" duration-ms="22615">
    <groups>
    </groups>
    <test started-at="2024-12-04T19:53:38 IST" name="Default test" finished-at="2024-12-04T19:54:00 IST" duration-ms="22615">
      <class name="learning.tests.LoginAppTest">
        <test-method is-config="true" signature="launchApp()[pri:0, instance:learning.tests.LoginAppTest@2b71e916]" started-at="2024-12-04T19:53:38 IST" name="launchApp" finished-at="2024-12-04T19:53:48 IST" duration-ms="10521" status="PASS">
          <reporter-output>
          </reporter-output>
        </test-method> <!-- launchApp -->
        <test-method signature="LogInToApplication()[pri:0, instance:learning.tests.LoginAppTest@2b71e916]" started-at="2024-12-04T19:53:48 IST" name="LogInToApplication" finished-at="2024-12-04T19:53:57 IST" duration-ms="8639" status="PASS">
          <reporter-output>
          </reporter-output>
        </test-method> <!-- LogInToApplication -->
        <test-method is-config="true" signature="closeApp()[pri:0, instance:learning.tests.LoginAppTest@2b71e916]" started-at="2024-12-04T19:53:57 IST" name="closeApp" finished-at="2024-12-04T19:54:00 IST" duration-ms="3368" status="PASS">
          <reporter-output>
          </reporter-output>
        </test-method> <!-- closeApp -->
      </class> <!-- learning.tests.LoginAppTest -->
    </test> <!-- Default test -->
  </suite> <!-- Default suite -->
</testng-results>
