<?xml version="1.0" encoding="UTF-8"?>
<testng-results ignored="0" total="1" passed="1" failed="0" skipped="0">
  <reporter-output>
  </reporter-output>
  <suite started-at="2024-12-12T15:01:57 IST" name="Default suite" finished-at="2024-12-12T15:03:59 IST" duration-ms="122257">
    <groups>
    </groups>
    <test started-at="2024-12-12T15:01:57 IST" name="Default test" finished-at="2024-12-12T15:03:59 IST" duration-ms="122257">
      <class name="learning.tests.LoginAppTest">
        <test-method is-config="true" signature="launchApp()[pri:0, instance:learning.tests.LoginAppTest@22ff4249]" started-at="2024-12-12T15:01:57 IST" name="launchApp" finished-at="2024-12-12T15:02:01 IST" duration-ms="3538" status="PASS">
          <reporter-output>
          </reporter-output>
        </test-method> <!-- launchApp -->
        <test-method signature="LogInToApplication(java.lang.String)[pri:0, instance:learning.tests.LoginAppTest@22ff4249]" started-at="2024-12-12T15:02:01 IST" name="LogInToApplication" data-provider="loginDetails" finished-at="2024-12-12T15:03:56 IST" duration-ms="115328" status="PASS">
          <params>
            <param index="0">
              <value>
                <![CDATA[testuser305@friender.in,S@ty@1qq5]]>
              </value>
            </param>
          </params>
          <reporter-output>
          </reporter-output>
        </test-method> <!-- LogInToApplication -->
        <test-method is-config="true" signature="closeApp()[pri:0, instance:learning.tests.LoginAppTest@22ff4249]" started-at="2024-12-12T15:03:56 IST" name="closeApp" finished-at="2024-12-12T15:03:59 IST" duration-ms="3335" status="PASS">
          <reporter-output>
          </reporter-output>
        </test-method> <!-- closeApp -->
      </class> <!-- learning.tests.LoginAppTest -->
    </test> <!-- Default test -->
  </suite> <!-- Default suite -->
</testng-results>
